[debug] [2021-08-20T10:23:58.379Z] ----------------------------------------------------------------------
[debug] [2021-08-20T10:23:58.381Z] Command:       C:\Program Files\nodejs\node.exe C:\Users\123\AppData\Roaming\npm\node_modules\firebase-tools\lib\bin\firebase.js init
[debug] [2021-08-20T10:23:58.382Z] CLI Version:   9.16.5
[debug] [2021-08-20T10:23:58.382Z] Platform:      win32
[debug] [2021-08-20T10:23:58.382Z] Node Version:  v16.4.2
[debug] [2021-08-20T10:23:58.383Z] Time:          Fri Aug 20 2021 03:23:58 GMT-0700 (Pacific Daylight Time)
[debug] [2021-08-20T10:23:58.383Z] ----------------------------------------------------------------------
[debug] 
[debug] [2021-08-20T10:23:58.386Z] >>> [apiv2][query] GET https://firebase-public.firebaseio.com/cli.json [none]
[debug] [2021-08-20T10:23:58.423Z] > command requires scopes: ["email","openid","https://www.googleapis.com/auth/cloudplatformprojects.readonly","https://www.googleapis.com/auth/firebase","https://www.googleapis.com/auth/cloud-platform"]
[debug] [2021-08-20T10:23:58.423Z] > authorizing via signed-in user (mahtasham20@gmail.com)
[info] 
     ######## #### ########  ######## ########     ###     ######  ########
     ##        ##  ##     ## ##       ##     ##  ##   ##  ##       ##
     ######    ##  ########  ######   ########  #########  ######  ######
     ##        ##  ##    ##  ##       ##     ## ##     ##       ## ##
     ##       #### ##     ## ######## ########  ##     ##  ######  ########

You're about to initialize a Firebase project in this directory:

  D:\react\hello

[debug] [2021-08-20T10:24:00.479Z] <<< [apiv2][status] GET https://firebase-public.firebaseio.com/cli.json 200
[debug] [2021-08-20T10:24:00.479Z] <<< [apiv2][body] GET https://firebase-public.firebaseio.com/cli.json {"cloudBuildErrorAfter":1594252800000,"cloudBuildWarnAfter":1590019200000,"defaultNode10After":1594252800000,"minVersion":"3.0.5","node8DeploysDisabledAfter":1613390400000,"node8RuntimeDisabledAfter":1615809600000,"node8WarnAfter":1600128000000}
[info] 
=== Project Setup
[info] 
[info] First, let's associate this project directory with a Firebase project.
[info] You can create multiple project aliases by running firebase use --add, 
[info] but for now we'll just set up a default project.
[info] 
[debug] [2021-08-20T10:27:58.543Z] > refreshing access token with scopes: []
[debug] [2021-08-20T10:27:58.545Z] >>> HTTP REQUEST POST https://www.googleapis.com/oauth2/v3/token  
 <request body omitted>
[debug] [2021-08-20T10:27:59.275Z] <<< HTTP RESPONSE 200 {"date":"Fri, 20 Aug 2021 10:27:59 GMT","expires":"Mon, 01 Jan 1990 00:00:00 GMT","pragma":"no-cache","cache-control":"no-cache, no-store, max-age=0, must-revalidate","content-type":"application/json; charset=utf-8","vary":"X-Origin, Referer, Origin,Accept-Encoding","server":"scaffolding on HTTPServer2","x-xss-protection":"0","x-frame-options":"SAMEORIGIN","x-content-type-options":"nosniff","alt-svc":"h3=\":443\"; ma=2592000,h3-29=\":443\"; ma=2592000,h3-T051=\":443\"; ma=2592000,h3-Q050=\":443\"; ma=2592000,h3-Q046=\":443\"; ma=2592000,h3-Q043=\":443\"; ma=2592000,quic=\":443\"; ma=2592000; v=\"46,43\"","accept-ranges":"none","transfer-encoding":"chunked"}
[debug] [2021-08-20T10:27:59.384Z] >>> [apiv2][query] GET https://firebase.googleapis.com/v1beta1/projects pageSize=100
[debug] [2021-08-20T10:28:00.215Z] <<< [apiv2][status] GET https://firebase.googleapis.com/v1beta1/projects 200
[debug] [2021-08-20T10:28:00.216Z] <<< [apiv2][body] GET https://firebase.googleapis.com/v1beta1/projects [omitted]
[info] i  Using project fir-hosting-malik (firebase-hosting-malik) 
[info] 
=== Hosting Setup
[info] 
[info] Your public directory is the folder (relative to your project directory) that
[info] will contain Hosting assets to be uploaded with firebase deploy. If you
[info] have a build process for your assets, use your build's output directory.
[info] 
[info] +  Wrote public/404.html 
[debug] [2021-08-20T10:29:36.934Z] >>> [apiv2][query] GET https://www.gstatic.com/firebasejs/releases.json [none]
[debug] [2021-08-20T10:29:37.832Z] <<< [apiv2][status] GET https://www.gstatic.com/firebasejs/releases.json 200
[debug] [2021-08-20T10:29:37.833Z] <<< [apiv2][body] GET https://www.gstatic.com/firebasejs/releases.json {"current":{"version":"8.10.0","browserURL":"https://www.gstatic.com/firebasejs/8.10.0/firebase.js","packageURL":"https://www.gstatic.com/firebasejs/8.10.0/firebase.tgz"},"live":{"version":"8.10","browserURL":"https://www.gstatic.com/firebasejs/live/8.10/firebase.js","packageURL":"https://www.gstatic.com/firebasejs/live/8.10/firebase.tgz"},"components":{"analytics":"https://www.gstatic.com/firebasejs/8.10.0/firebase-analytics.js","app":"https://www.gstatic.com/firebasejs/8.10.0/firebase-app.js","app-check":"https://www.gstatic.com/firebasejs/8.10.0/firebase-app-check.js","auth":"https://www.gstatic.com/firebasejs/8.10.0/firebase-auth.js","database":"https://www.gstatic.com/firebasejs/8.10.0/firebase-database.js","firestore":"https://www.gstatic.com/firebasejs/8.10.0/firebase-firestore.js","functions":"https://www.gstatic.com/firebasejs/8.10.0/firebase-functions.js","installations":"https://www.gstatic.com/firebasejs/8.10.0/firebase-installations.js","messaging":"https://www.gstatic.com/firebasejs/8.10.0/firebase-messaging.js","storage":"https://www.gstatic.com/firebasejs/8.10.0/firebase-storage.js","performance":"https://www.gstatic.com/firebasejs/8.10.0/firebase-performance.js","remote-config":"https://www.gstatic.com/firebasejs/8.10.0/firebase-remote-config.js","firestore.memory":"https://www.gstatic.com/firebasejs/8.10.0/firebase-firestore.memory.js"}}
[info] i  Skipping write of public/index.html 
[info] 
[info] i  Didn't detect a .git folder. Assuming D:\react\hello is the project root. 
[info] i  Authorizing with GitHub to upload your service account to a GitHub repository's secrets store. 
[info] 
[info] Visit this URL on this device to log in:
[info] https://github.com/login/oauth/authorize?client_id=89cf50f02ac6aaed3484&state=760184898&redirect_uri=http%3A%2F%2Flocalhost%3A9005&scope=read%3Auser%20repo%20public_repo
[info] 
[info] Waiting for authentication...
[debug] [2021-08-20T10:29:49.505Z] >>> HTTP REQUEST POST https://github.com/login/oauth/access_token  
 {"client_id":"89cf50f02ac6aaed3484","client_secret":"3330d14abc895d9a74d5f17cd7a00711fa2c5bf0","code":"4218e4e6d2b02da378c5","redirect_uri":"http://localhost:9005","state":"760184898"}
[debug] [2021-08-20T10:29:50.331Z] <<< HTTP RESPONSE 200 {"server":"GitHub.com","date":"Fri, 20 Aug 2021 10:29:50 GMT","content-type":"application/json; charset=utf-8","transfer-encoding":"chunked","vary":"X-PJAX, Accept-Encoding, Accept, X-Requested-With","permissions-policy":"interest-cohort=()","etag":"W/\"a6e0e5fff2b9d19f78fc609e604b01f3\"","cache-control":"max-age=0, private, must-revalidate","strict-transport-security":"max-age=31536000; includeSubdomains; preload","x-frame-options":"deny","x-content-type-options":"nosniff","x-xss-protection":"0","referrer-policy":"origin-when-cross-origin, strict-origin-when-cross-origin","expect-ct":"max-age=2592000, report-uri=\"https://api.github.com/_private/browser/errors\"","content-security-policy":"default-src 'none'; base-uri 'self'; block-all-mixed-content; connect-src 'self' uploads.github.com www.githubstatus.com collector.githubapp.com api.github.com github-cloud.s3.amazonaws.com github-production-repository-file-5c1aeb.s3.amazonaws.com github-production-upload-manifest-file-7fdce7.s3.amazonaws.com github-production-user-asset-6210df.s3.amazonaws.com cdn.optimizely.com logx.optimizely.com/v1/events translator.github.com wss://alive.github.com; font-src github.githubassets.com; form-action 'self' github.com gist.github.com; frame-ancestors 'none'; frame-src render.githubusercontent.com viewscreen.githubusercontent.com; img-src 'self' data: github.githubassets.com identicons.github.com collector.githubapp.com github-cloud.s3.amazonaws.com secured-user-images.githubusercontent.com/ *.githubusercontent.com; manifest-src 'self'; media-src 'none'; script-src github.githubassets.com; style-src 'unsafe-inline' github.githubassets.com; worker-src github.com/socket-worker-3f088aa2.js gist.github.com/socket-worker-3f088aa2.js","x-github-request-id":"C98A:4239:4C903E:5C005B:611F841E"}
[debug] [2021-08-20T10:29:50.346Z] >>> [apiv2][query] GET https://api.github.com/user [none]
[debug] [2021-08-20T10:29:51.121Z] <<< [apiv2][status] GET https://api.github.com/user 200
[debug] [2021-08-20T10:29:51.122Z] <<< [apiv2][body] GET https://api.github.com/user {"login":"Ahtasham1234","id":89194621,"node_id":"MDQ6VXNlcjg5MTk0NjIx","avatar_url":"https://avatars.githubusercontent.com/u/89194621?v=4","gravatar_id":"","url":"https://api.github.com/users/Ahtasham1234","html_url":"https://github.com/Ahtasham1234","followers_url":"https://api.github.com/users/Ahtasham1234/followers","following_url":"https://api.github.com/users/Ahtasham1234/following{/other_user}","gists_url":"https://api.github.com/users/Ahtasham1234/gists{/gist_id}","starred_url":"https://api.github.com/users/Ahtasham1234/starred{/owner}{/repo}","subscriptions_url":"https://api.github.com/users/Ahtasham1234/subscriptions","organizations_url":"https://api.github.com/users/Ahtasham1234/orgs","repos_url":"https://api.github.com/users/Ahtasham1234/repos","events_url":"https://api.github.com/users/Ahtasham1234/events{/privacy}","received_events_url":"https://api.github.com/users/Ahtasham1234/received_events","type":"User","site_admin":false,"name":null,"company":null,"blog":"","location":null,"email":null,"hireable":null,"bio":null,"twitter_username":null,"public_repos":0,"public_gists":0,"followers":0,"following":0,"created_at":"2021-08-19T10:31:10Z","updated_at":"2021-08-19T10:31:10Z","private_gists":0,"total_private_repos":0,"owned_private_repos":0,"disk_usage":0,"collaborators":0,"two_factor_authentication":false,"plan":{"name":"free","space":976562499,"collaborators":0,"private_repos":10000}}
[info] 
[info] +  Success! Logged into GitHub as Ahtasham1234 
[info] 
[debug] [2021-08-20T10:31:03.864Z] >>> [apiv2][query] GET https://api.github.com/repos/user/repository/ahtasham/actions/secrets/public-key type=owner
[debug] [2021-08-20T10:31:04.963Z] <<< [apiv2][status] GET https://api.github.com/repos/user/repository/ahtasham/actions/secrets/public-key 404
[debug] [2021-08-20T10:31:04.963Z] <<< [apiv2][body] GET https://api.github.com/repos/user/repository/ahtasham/actions/secrets/public-key {"message":"Not Found","documentation_url":"https://docs.github.com/rest"}
[debug] [2021-08-20T10:33:07.545Z] >>> [apiv2][query] GET https://api.github.com/repos/user/repositorymalik/actions/secrets/public-key type=owner
[debug] [2021-08-20T10:33:08.255Z] <<< [apiv2][status] GET https://api.github.com/repos/user/repositorymalik/actions/secrets/public-key 404
[debug] [2021-08-20T10:33:08.256Z] <<< [apiv2][body] GET https://api.github.com/repos/user/repositorymalik/actions/secrets/public-key {"message":"Not Found","documentation_url":"https://docs.github.com/rest/reference/actions#get-a-repository-public-key"}
